<?xml version="1.0" encoding="UTF-8"?>
<!-- Generated by org.testng.reporters.JUnitReportReporter -->
<testsuite skipped="0" hostname="DESKTOP-M3E2BR1" name="testCase.SAL65" tests="1" failures="0" timestamp="2021-04-11T13:06:07 IST" time="22.605" errors="0">
  <testcase name="editServiceTemplates" time="22.605" classname="testCase.SAL65"/>
  <system-out/>
</testsuite> <!-- testCase.SAL65 -->
