<?xml version="1.0" encoding="UTF-8"?>
<!-- Generated by org.testng.reporters.JUnitReportReporter -->
<testsuite skipped="0" hostname="DESKTOP-M3E2BR1" name="testCase.SAL66" tests="1" failures="0" timestamp="2021-04-11T22:47:05 IST" time="25.774" errors="0">
  <testcase name="createParentTerritory" time="25.774" classname="testCase.SAL66"/>
  <system-out/>
</testsuite> <!-- testCase.SAL66 -->
