<?xml version="1.0" encoding="UTF-8"?>
<!-- Generated by org.testng.reporters.JUnitReportReporter -->
<testsuite skipped="0" hostname="DESKTOP-M3E2BR1" name="testCase.SAL57" tests="1" failures="0" timestamp="2021-04-11T11:26:52 IST" time="17.352" errors="0">
  <testcase name="verifyAppleApp" time="17.352" classname="testCase.SAL57"/>
  <system-out/>
</testsuite> <!-- testCase.SAL57 -->
