<?xml version="1.0" encoding="UTF-8"?>
<!-- Generated by org.testng.reporters.JUnitReportReporter -->
<testsuite skipped="0" hostname="DESKTOP-M3E2BR1" name="testCase.SAL59" tests="1" failures="0" timestamp="2021-04-11T11:26:52 IST" time="31.374" errors="0">
  <testcase name="verifySummerPdf" time="31.374" classname="testCase.SAL59"/>
  <system-out/>
</testsuite> <!-- testCase.SAL59 -->
